<?xml version="1.0" encoding="UTF-8"?>
<!-- Generated by org.testng.reporters.JUnitXMLReporter -->
<testsuite ignored="0" hostname="LAPTOP-QR8LJ5ET" failures="0" tests="4" name="Default test" time="102.88" errors="0" timestamp="2022-12-23T13:51:34 IST">
  <testcase classname="testNGProgramms.ParallelExucutionProgram" name="amazoneSite" time="60.767"/>
  <testcase classname="testNGProgramms.ParallelExucutionProgram" name="mavenSite" time="7.098"/>
  <testcase classname="testNGProgramms.ParallelExucutionProgram" name="testngSite" time="2.78"/>
  <testcase classname="testNGProgramms.ParallelExucutionProgram" name="zerodaSite" time="28.926"/>
</testsuite> <!-- Default test -->
