<?xml version="1.0" encoding="UTF-8"?>
<!-- Generated by org.testng.reporters.JUnitXMLReporter -->
<testsuite ignored="0" hostname="LAPTOP-QR8LJ5ET" failures="0" tests="4" name="Test" time="16.446" errors="0" timestamp="2022-12-15T22:22:57 IST">
  <testcase classname="testNGProgramms.ParallelExucutionProgram" name="mavenSite" time="1.861"/>
  <testcase classname="testNGProgramms.ParallelExucutionProgram" name="testngSite" time="3.897"/>
  <testcase classname="testNGProgramms.ParallelExucutionProgram" name="zerodaSite" time="5.3"/>
  <testcase classname="testNGProgramms.ParallelExucutionProgram" name="amazoneSite" time="13.442"/>
</testsuite> <!-- Test -->
