<?xml version="1.0" encoding="UTF-8"?>
<testng-results ignored="0" total="1" passed="1" failed="0" skipped="0">
  <reporter-output>
  </reporter-output>
  <suite started-at="2022-12-16T19:10:36 IST" name="Default suite" finished-at="2022-12-16T19:10:43 IST" duration-ms="6594">
    <groups>
    </groups>
    <test started-at="2022-12-16T19:10:36 IST" name="Default test" finished-at="2022-12-16T19:10:43 IST" duration-ms="6594">
      <class name="com.framework.testcases.LoginFunctionality">
        <test-method is-config="true" signature="setUp()[pri:0, instance:com.framework.testcases.LoginFunctionality@4efc180e]" started-at="2022-12-16T19:10:36 IST" name="setUp" finished-at="2022-12-16T19:10:41 IST" duration-ms="4577" status="PASS">
          <reporter-output>
          </reporter-output>
        </test-method> <!-- setUp -->
        <test-method signature="verifyValidLogin()[pri:0, instance:com.framework.testcases.LoginFunctionality@4efc180e]" started-at="2022-12-16T19:10:41 IST" name="verifyValidLogin" finished-at="2022-12-16T19:10:43 IST" duration-ms="1955" status="PASS">
          <reporter-output>
          </reporter-output>
        </test-method> <!-- verifyValidLogin -->
      </class> <!-- com.framework.testcases.LoginFunctionality -->
    </test> <!-- Default test -->
  </suite> <!-- Default suite -->
</testng-results>
